
> github-profile@0.1.0 build
> next build

[baseline-browser-mapping] The data in this module is over two months old.  To ensure accurate Baseline data, please update: `npm i baseline-browser-mapping@latest -D`
   ▲ Next.js 16.0.5 (Turbopack)

   Creating an optimized production build ...
[baseline-browser-mapping] The data in this module is over two months old.  To ensure accurate Baseline data, please update: `npm i baseline-browser-mapping@latest -D`
Error: Cannot apply unknown utility class `border-border`. Are you using CSS modules or similar and missing `@reference`? https://tailwindcss.com/docs/functions-and-directives#reference-directive
    [at onInvalidCandidate (D:\Codes\Projects\github-profile\node_modules\tailwindcss\dist\lib.js:21:1314)]
    [at Te (D:\Codes\Projects\github-profile\node_modules\tailwindcss\dist\lib.js:16:36364)]
    [at D:\Codes\Projects\github-profile\node_modules\tailwindcss\dist\lib.js:21:355]
    [at Tr (D:\Codes\Projects\github-profile\node_modules\tailwindcss\dist\lib.js:3:1718)]
    [at _ (D:\Codes\Projects\github-profile\node_modules\tailwindcss\dist\lib.js:3:1377)]
    [at Se (D:\Codes\Projects\github-profile\node_modules\tailwindcss\dist\lib.js:21:172)]
    [at ln (D:\Codes\Projects\github-profile\node_modules\tailwindcss\dist\lib.js:38:294)]
    [at process.processTicksAndRejections (node:internal/process/task_queues:103:5)]
    [at async sn (D:\Codes\Projects\github-profile\node_modules\tailwindcss\dist\lib.js:38:631)]
    [at async Qr (D:\Codes\Projects\github-profile\node_modules\@tailwindcss\node\dist\index.js:10:3385)]

> Build error occurred
Error: Turbopack build failed with 1 errors:
./src/app/globals.css
Error evaluating Node.js code
CssSyntaxError: tailwindcss: D:\Codes\Projects\github-profile\src\app\globals.css:1:1: Cannot apply unknown utility class `border-border`. Are you using CSS modules or similar and missing `@reference`? https://tailwindcss.com/docs/functions-and-directives#reference-directive
    at Input.error (node_modules/postcss/lib/input.js:135:16) [D:\Codes\Projects\github-profile\.next\build\chunks\node_modules_fe693df6._.js:4651:22]
    at Root.error (node_modules/postcss/lib/node.js:146:32) [D:\Codes\Projects\github-profile\.next\build\chunks\node_modules_fe693df6._.js:928:38]
    [at Object.Once (D:\Codes\Projects\github-profile\node_modules\@tailwindcss\postcss\dist\index.js:10:6912)]
    [at process.processTicksAndRejections (node:internal/process/task_queues:103:5)]
    at async LazyResult.runAsync (node_modules/postcss/lib/lazy-result.js:293:11) [D:\Codes\Projects\github-profile\.next\build\chunks\node_modules_fe693df6._.js:6206:21]
    at async transform (turbopack:///[turbopack-node]/transforms/postcss.ts:70:34) [D:\Codes\Projects\github-profile\.next\build\chunks\[root-of-the-server]__51225daf._.js:146:36]
    at async run (turbopack:///[turbopack-node]/ipc/evaluate.ts:92:23) [D:\Codes\Projects\github-profile\.next\build\chunks\[root-of-the-server]__974941ed._.js:443:31]

Import trace:
  Client Component Browser:
    ./src/app/globals.css [Client Component Browser]
    ./src/app/layout.js [Server Component]


    at async transform (turbopack:///[turbopack-node]/transforms/postcss.ts:70:34) [D:\Codes\Projects\github-profile\.next\build\chunks\[root-of-the-server]__51225daf._.js:146:36])
    at async run (turbopack:///[turbopack-node]/ipc/evaluate.ts:92:23) [D:\Codes\Projects\github-profile\.next\build\chunks\[root-of-the-server]__974941ed._.js:443:31])
